<?xml version="1.0" encoding="UTF-8"?>
<!-- Generated by org.testng.reporters.JUnitReportReporter -->
<testsuite hostname="DESKTOP-K75KPLQ" failures="0" tests="2" name="automation.verizon_jekins.MobileTest" time="0.002" errors="0" timestamp="2023-07-26T12:38:02 IST" skipped="0">
  <testcase classname="automation.verizon_jekins.MobileTest" name="Logut" time="0.002"/>
  <testcase classname="automation.verizon_jekins.MobileTest" name="login" time="0.000"/>
</testsuite> <!-- automation.verizon_jekins.MobileTest -->
